[2021-08-31 11:06:09.797] [exthost] [info] extension host started
[2021-08-31 11:06:10.839] [exthost] [info] extension host started
[2021-08-31 11:06:10.882] [exthost] [info] ExtensionService#_doActivateExtension vscode.configuration-editing {"startup":false,"extensionId":{"value":"vscode.configuration-editing","_lower":"vscode.configuration-editing"},"activationEvent":"onLanguage:jsonc"}
[2021-08-31 11:06:10.883] [exthost] [info] ExtensionService#loadCommonJSModule file:///d:/System/EclipseEE/plugins/com.genuitec.eclipse.code.engine.app.win32.x86_64_3.6.0.202002212104/engine/resources/app/extensions/configuration-editing/dist/extension
[2021-08-31 11:06:10.900] [exthost] [info] ExtensionService#_doActivateExtension vscode.json-language-features {"startup":false,"extensionId":{"value":"vscode.json-language-features","_lower":"vscode.json-language-features"},"activationEvent":"onLanguage:jsonc"}
[2021-08-31 11:06:10.901] [exthost] [info] ExtensionService#loadCommonJSModule file:///d:/System/EclipseEE/plugins/com.genuitec.eclipse.code.engine.app.win32.x86_64_3.6.0.202002212104/engine/resources/app/extensions/json-language-features/client/dist/jsonMain
[2021-08-31 11:06:11.031] [exthost] [info] ExtensionService#_doActivateExtension vscode.typescript-language-features {"startup":false,"extensionId":{"value":"vscode.typescript-language-features","_lower":"vscode.typescript-language-features"},"activationEvent":"onLanguage:jsonc"}
[2021-08-31 11:06:11.031] [exthost] [info] ExtensionService#loadCommonJSModule file:///d:/System/EclipseEE/plugins/com.genuitec.eclipse.code.engine.app.win32.x86_64_3.6.0.202002212104/engine/resources/app/extensions/typescript-language-features/dist/extension
[2021-08-31 11:06:11.111] [exthost] [info] ExtensionService#_doActivateExtension vscode.grunt {"startup":false,"extensionId":{"value":"vscode.grunt","_lower":"vscode.grunt"},"activationEvent":"onCommand:workbench.action.tasks.runTask"}
[2021-08-31 11:06:11.111] [exthost] [info] ExtensionService#loadCommonJSModule file:///d:/System/EclipseEE/plugins/com.genuitec.eclipse.code.engine.app.win32.x86_64_3.6.0.202002212104/engine/resources/app/extensions/grunt/dist/main
[2021-08-31 11:06:11.119] [exthost] [info] ExtensionService#_doActivateExtension vscode.gulp {"startup":false,"extensionId":{"value":"vscode.gulp","_lower":"vscode.gulp"},"activationEvent":"onCommand:workbench.action.tasks.runTask"}
[2021-08-31 11:06:11.119] [exthost] [info] ExtensionService#loadCommonJSModule file:///d:/System/EclipseEE/plugins/com.genuitec.eclipse.code.engine.app.win32.x86_64_3.6.0.202002212104/engine/resources/app/extensions/gulp/dist/main
[2021-08-31 11:06:11.127] [exthost] [info] ExtensionService#_doActivateExtension vscode.jake {"startup":false,"extensionId":{"value":"vscode.jake","_lower":"vscode.jake"},"activationEvent":"onCommand:workbench.action.tasks.runTask"}
[2021-08-31 11:06:11.127] [exthost] [info] ExtensionService#loadCommonJSModule file:///d:/System/EclipseEE/plugins/com.genuitec.eclipse.code.engine.app.win32.x86_64_3.6.0.202002212104/engine/resources/app/extensions/jake/dist/main
[2021-08-31 11:06:11.133] [exthost] [info] ExtensionService#_doActivateExtension vscode.npm {"startup":false,"extensionId":{"value":"vscode.npm","_lower":"vscode.npm"},"activationEvent":"onCommand:workbench.action.tasks.runTask"}
[2021-08-31 11:06:11.133] [exthost] [info] ExtensionService#loadCommonJSModule file:///d:/System/EclipseEE/plugins/com.genuitec.eclipse.code.engine.app.win32.x86_64_3.6.0.202002212104/engine/resources/app/extensions/npm/dist/main
[2021-08-31 11:06:11.152] [exthost] [info] ExtensionService#_doActivateExtension HookyQR.beautify {"startup":true,"extensionId":{"value":"HookyQR.beautify","_lower":"hookyqr.beautify"},"activationEvent":"*"}
[2021-08-31 11:06:11.152] [exthost] [info] ExtensionService#loadCommonJSModule file:///d:/System/EclipseEE/plugins/pack.core.win_3.6.0.202007171759/HookyQR.beautify-1.4.11/extension
[2021-08-31 11:06:11.319] [exthost] [info] ExtensionService#_doActivateExtension christian-kohler.path-intellisense {"startup":true,"extensionId":{"value":"christian-kohler.path-intellisense","_lower":"christian-kohler.path-intellisense"},"activationEvent":"*"}
[2021-08-31 11:06:11.320] [exthost] [info] ExtensionService#loadCommonJSModule file:///d:/System/EclipseEE/plugins/pack.core.win_3.6.0.202007171759/christian-kohler.path-intellisense-1.4.2/out/src/extension
[2021-08-31 11:06:11.369] [exthost] [info] ExtensionService#_doActivateExtension dbaeumer.vscode-eslint {"startup":true,"extensionId":{"value":"dbaeumer.vscode-eslint","_lower":"dbaeumer.vscode-eslint"},"activationEvent":"*"}
[2021-08-31 11:06:11.369] [exthost] [info] ExtensionService#loadCommonJSModule file:///d:/System/EclipseEE/plugins/pack.core.win_3.6.0.202007171759/dbaeumer.vscode-eslint-1.9.0/client/out/extension
[2021-08-31 11:06:11.417] [exthost] [info] ExtensionService#_doActivateExtension vscode.debug-auto-launch {"startup":true,"extensionId":{"value":"vscode.debug-auto-launch","_lower":"vscode.debug-auto-launch"},"activationEvent":"*"}
[2021-08-31 11:06:11.417] [exthost] [info] ExtensionService#loadCommonJSModule file:///d:/System/EclipseEE/plugins/com.genuitec.eclipse.code.engine.app.win32.x86_64_3.6.0.202002212104/engine/resources/app/extensions/debug-auto-launch/dist/extension
[2021-08-31 11:06:11.425] [exthost] [info] ExtensionService#_doActivateExtension vscode.emmet {"startup":true,"extensionId":{"value":"vscode.emmet","_lower":"vscode.emmet"},"activationEvent":"*"}
[2021-08-31 11:06:11.426] [exthost] [info] ExtensionService#loadCommonJSModule file:///d:/System/EclipseEE/plugins/com.genuitec.eclipse.code.engine.app.win32.x86_64_3.6.0.202002212104/engine/resources/app/extensions/emmet/dist/extension
[2021-08-31 11:06:11.498] [exthost] [info] ExtensionService#_doActivateExtension formulahendry.auto-close-tag {"startup":true,"extensionId":{"value":"formulahendry.auto-close-tag","_lower":"formulahendry.auto-close-tag"},"activationEvent":"*"}
[2021-08-31 11:06:11.498] [exthost] [info] ExtensionService#loadCommonJSModule file:///d:/System/EclipseEE/plugins/pack.core.win_3.6.0.202007171759/formulahendry.auto-close-tag-0.5.6/out/src/extension
[2021-08-31 11:06:11.621] [exthost] [info] eager extensions activated
